Determining if the pthread_create exist failed with the following output:
Change Dir: /home/peter/kk/ws/build/CMakeFiles/CMakeTmp

Run Build Command:"/usr/bin/make" "cmTC_a6d7d/fast"
/usr/bin/make -f CMakeFiles/cmTC_a6d7d.dir/build.make CMakeFiles/cmTC_a6d7d.dir/build
make[1]: Entering directory '/home/peter/kk/ws/build/CMakeFiles/CMakeTmp'
Building C object CMakeFiles/cmTC_a6d7d.dir/CheckSymbolExists.c.o
/usr/bin/cc    -o CMakeFiles/cmTC_a6d7d.dir/CheckSymbolExists.c.o   -c /home/peter/kk/ws/build/CMakeFiles/CMakeTmp/CheckSymbolExists.c
Linking C executable cmTC_a6d7d
/usr/bin/cmake -E cmake_link_script CMakeFiles/cmTC_a6d7d.dir/link.txt --verbose=1
/usr/bin/cc      -rdynamic CMakeFiles/cmTC_a6d7d.dir/CheckSymbolExists.c.o  -o cmTC_a6d7d 
CMakeFiles/cmTC_a6d7d.dir/CheckSymbolExists.c.o: In function `main':
CheckSymbolExists.c:(.text+0x14): undefined reference to `pthread_create'
CheckSymbolExists.c:(.text+0x18): undefined reference to `pthread_create'
collect2: error: ld returned 1 exit status
CMakeFiles/cmTC_a6d7d.dir/build.make:97: recipe for target 'cmTC_a6d7d' failed
make[1]: *** [cmTC_a6d7d] Error 1
make[1]: Leaving directory '/home/peter/kk/ws/build/CMakeFiles/CMakeTmp'
Makefile:126: recipe for target 'cmTC_a6d7d/fast' failed
make: *** [cmTC_a6d7d/fast] Error 2

File /home/peter/kk/ws/build/CMakeFiles/CMakeTmp/CheckSymbolExists.c:
/* */
#include <pthread.h>

int main(int argc, char** argv)
{
  (void)argv;
#ifndef pthread_create
  return ((int*)(&pthread_create))[argc];
#else
  (void)argc;
  return 0;
#endif
}

Determining if the function pthread_create exists in the pthreads failed with the following output:
Change Dir: /home/peter/kk/ws/build/CMakeFiles/CMakeTmp

Run Build Command:"/usr/bin/make" "cmTC_3e6f7/fast"
/usr/bin/make -f CMakeFiles/cmTC_3e6f7.dir/build.make CMakeFiles/cmTC_3e6f7.dir/build
make[1]: Entering directory '/home/peter/kk/ws/build/CMakeFiles/CMakeTmp'
Building C object CMakeFiles/cmTC_3e6f7.dir/CheckFunctionExists.c.o
/usr/bin/cc   -DCHECK_FUNCTION_EXISTS=pthread_create   -o CMakeFiles/cmTC_3e6f7.dir/CheckFunctionExists.c.o   -c /usr/share/cmake-3.10/Modules/CheckFunctionExists.c
Linking C executable cmTC_3e6f7
/usr/bin/cmake -E cmake_link_script CMakeFiles/cmTC_3e6f7.dir/link.txt --verbose=1
/usr/bin/cc  -DCHECK_FUNCTION_EXISTS=pthread_create    -rdynamic CMakeFiles/cmTC_3e6f7.dir/CheckFunctionExists.c.o  -o cmTC_3e6f7 -lpthreads 
/usr/bin/ld: cannot find -lpthreads
collect2: error: ld returned 1 exit status
CMakeFiles/cmTC_3e6f7.dir/build.make:97: recipe for target 'cmTC_3e6f7' failed
make[1]: *** [cmTC_3e6f7] Error 1
make[1]: Leaving directory '/home/peter/kk/ws/build/CMakeFiles/CMakeTmp'
Makefile:126: recipe for target 'cmTC_3e6f7/fast' failed
make: *** [cmTC_3e6f7/fast] Error 2


